<?xml version="1.0" encoding="UTF-8"?>
<!-- Generated by org.testng.reporters.JUnitXMLReporter -->
<testsuite hostname="BOOK-IU0VCNTK32" ignored="0" name="Default test" tests="3" failures="0" timestamp="06 Jul 2023 11:05:03 GMT" time="16.03" errors="0">
  <testcase name="login" time="4.155" classname="Test_NG.NewTest_4"/>
  <testcase name="verifyCreatepagetLink" time="2.272" classname="Test_NG.NewTest_4"/>
  <testcase name="forgotAccount" time="1.456" classname="Test_NG.NewTest_4"/>
</testsuite> <!-- Default test -->
